<?xml version="1.0" encoding="UTF-8"?>
<testsuite xmlns:xsi="http://www.w3.org/2001/XMLSchema-instance" xsi:noNamespaceSchemaLocation="https://maven.apache.org/surefire/maven-surefire-plugin/xsd/surefire-test-report.xsd" name="com.example.FizzBuzz.FizzBuzzApplicationTests" time="0.043" tests="7" errors="0" skipped="0" failures="0">
  <properties>
[...]
</properties>
  <testcase name="Input4ShouldBe4" classname="com.example.FizzBuzz.FizzBuzzApplicationTests" time="0.024"/>
  <testcase name="Input2ShouldBe2" classname="com.example.FizzBuzz.FizzBuzzApplicationTests" time="0"/>
  <testcase name="Input1ShouldBe1" classname="com.example.FizzBuzz.FizzBuzzApplicationTests" time="0.001"/>
  <testcase name="Input5ShouldBeBizz" classname="com.example.FizzBuzz.FizzBuzzApplicationTests" time="0.001"/>
  <testcase name="Input3ShouldBeFizz" classname="com.example.FizzBuzz.FizzBuzzApplicationTests" time="0"/>
  <testcase name="Input30ShouldBeFizzBizz" classname="com.example.FizzBuzz.FizzBuzzApplicationTests" time="0.001"/>
  <testcase name="Input15ShouldBeFizzBizz" classname="com.example.FizzBuzz.FizzBuzzApplicationTests" time="0.001"/>
</testsuite>